2026-03-29 00:00:00:INFO:Performing scheduled database backup.
2026-03-29 00:00:00:INFO:Deleting oldest backup /root/.local/share/spoolman/backups/spoolman.db.5
2026-03-29 00:00:00:INFO:Backing up SQLite database to /root/.local/share/spoolman/backups/spoolman.db
2026-03-29 00:00:00:INFO:Copied 1 of 24 pages.
2026-03-29 00:00:00:INFO:Copied 2 of 24 pages.
2026-03-29 00:00:00:INFO:Copied 3 of 24 pages.
2026-03-29 00:00:00:INFO:Copied 4 of 24 pages.
2026-03-29 00:00:00:INFO:Copied 5 of 24 pages.
2026-03-29 00:00:00:INFO:Copied 6 of 24 pages.
2026-03-29 00:00:00:INFO:Copied 7 of 24 pages.
2026-03-29 00:00:00:INFO:Copied 8 of 24 pages.
2026-03-29 00:00:00:INFO:Copied 9 of 24 pages.
2026-03-29 00:00:00:INFO:Copied 10 of 24 pages.
2026-03-29 00:00:00:INFO:Copied 11 of 24 pages.
2026-03-29 00:00:00:INFO:Copied 12 of 24 pages.
2026-03-29 00:00:00:INFO:Copied 13 of 24 pages.
2026-03-29 00:00:00:INFO:Copied 14 of 24 pages.
2026-03-29 00:00:00:INFO:Copied 15 of 24 pages.
2026-03-29 00:00:00:INFO:Copied 16 of 24 pages.
2026-03-29 00:00:00:INFO:Copied 17 of 24 pages.
2026-03-29 00:00:00:INFO:Copied 18 of 24 pages.
2026-03-29 00:00:00:INFO:Copied 19 of 24 pages.
2026-03-29 00:00:00:INFO:Copied 20 of 24 pages.
2026-03-29 00:00:00:INFO:Copied 21 of 24 pages.
2026-03-29 00:00:00:INFO:Copied 22 of 24 pages.
2026-03-29 00:00:00:INFO:Copied 23 of 24 pages.
2026-03-29 00:00:00:INFO:Copied 24 of 24 pages.
2026-03-29 00:00:00:INFO:Backup complete.
2026-03-29 00:47:11:INFO:Syncing external DB.
2026-03-29 00:47:11:INFO:HTTP Request: GET https://donkie.github.io/SpoolmanDB/filaments.json "HTTP/1.1 200 OK"
2026-03-29 00:47:11:INFO:HTTP Request: GET https://donkie.github.io/SpoolmanDB/materials.json "HTTP/1.1 200 OK"
2026-03-29 00:47:11:INFO:External DB synced. Filaments: 6957, Materials: 33
2026-03-29 01:47:11:INFO:Syncing external DB.
2026-03-29 01:47:11:INFO:HTTP Request: GET https://donkie.github.io/SpoolmanDB/filaments.json "HTTP/1.1 200 OK"
2026-03-29 01:47:11:INFO:HTTP Request: GET https://donkie.github.io/SpoolmanDB/materials.json "HTTP/1.1 200 OK"
2026-03-29 01:47:11:INFO:External DB synced. Filaments: 6957, Materials: 33
2026-03-29 03:47:11:INFO:Syncing external DB.
2026-03-29 03:47:11:INFO:HTTP Request: GET https://donkie.github.io/SpoolmanDB/filaments.json "HTTP/1.1 200 OK"
2026-03-29 03:47:11:INFO:HTTP Request: GET https://donkie.github.io/SpoolmanDB/materials.json "HTTP/1.1 200 OK"
2026-03-29 03:47:11:INFO:External DB synced. Filaments: 6957, Materials: 33
2026-03-29 03:47:11:INFO:Syncing external DB.
2026-03-29 03:47:11:INFO:HTTP Request: GET https://donkie.github.io/SpoolmanDB/filaments.json "HTTP/1.1 200 OK"
2026-03-29 03:47:11:INFO:HTTP Request: GET https://donkie.github.io/SpoolmanDB/materials.json "HTTP/1.1 200 OK"
2026-03-29 03:47:11:INFO:External DB synced. Filaments: 6957, Materials: 33
2026-03-29 04:47:11:INFO:Syncing external DB.
2026-03-29 04:47:11:INFO:HTTP Request: GET https://donkie.github.io/SpoolmanDB/filaments.json "HTTP/1.1 200 OK"
2026-03-29 04:47:11:INFO:HTTP Request: GET https://donkie.github.io/SpoolmanDB/materials.json "HTTP/1.1 200 OK"
2026-03-29 04:47:11:INFO:External DB synced. Filaments: 6957, Materials: 33
2026-03-29 05:47:11:INFO:Syncing external DB.
2026-03-29 05:47:11:INFO:HTTP Request: GET https://donkie.github.io/SpoolmanDB/filaments.json "HTTP/1.1 200 OK"
2026-03-29 05:47:11:INFO:HTTP Request: GET https://donkie.github.io/SpoolmanDB/materials.json "HTTP/1.1 200 OK"
2026-03-29 05:47:11:INFO:External DB synced. Filaments: 6957, Materials: 33
2026-03-29 06:47:11:INFO:Syncing external DB.
2026-03-29 06:47:11:INFO:HTTP Request: GET https://donkie.github.io/SpoolmanDB/filaments.json "HTTP/1.1 200 OK"
2026-03-29 06:47:11:INFO:HTTP Request: GET https://donkie.github.io/SpoolmanDB/materials.json "HTTP/1.1 200 OK"
2026-03-29 06:47:11:INFO:External DB synced. Filaments: 6957, Materials: 33
2026-03-29 07:47:11:INFO:Syncing external DB.
2026-03-29 07:47:11:INFO:HTTP Request: GET https://donkie.github.io/SpoolmanDB/filaments.json "HTTP/1.1 200 OK"
2026-03-29 07:47:11:INFO:HTTP Request: GET https://donkie.github.io/SpoolmanDB/materials.json "HTTP/1.1 200 OK"
2026-03-29 07:47:11:INFO:External DB synced. Filaments: 6957, Materials: 33
2026-03-29 08:47:11:INFO:Syncing external DB.
2026-03-29 08:47:11:INFO:HTTP Request: GET https://donkie.github.io/SpoolmanDB/filaments.json "HTTP/1.1 200 OK"
2026-03-29 08:47:11:INFO:HTTP Request: GET https://donkie.github.io/SpoolmanDB/materials.json "HTTP/1.1 200 OK"
2026-03-29 08:47:11:INFO:External DB synced. Filaments: 6957, Materials: 33
2026-03-29 09:47:11:INFO:Syncing external DB.
2026-03-29 09:47:11:INFO:HTTP Request: GET https://donkie.github.io/SpoolmanDB/filaments.json "HTTP/1.1 200 OK"
2026-03-29 09:47:11:INFO:HTTP Request: GET https://donkie.github.io/SpoolmanDB/materials.json "HTTP/1.1 200 OK"
2026-03-29 09:47:11:INFO:External DB synced. Filaments: 6957, Materials: 33
2026-03-29 10:47:11:INFO:Syncing external DB.
2026-03-29 10:47:11:INFO:HTTP Request: GET https://donkie.github.io/SpoolmanDB/filaments.json "HTTP/1.1 200 OK"
2026-03-29 10:47:11:INFO:HTTP Request: GET https://donkie.github.io/SpoolmanDB/materials.json "HTTP/1.1 200 OK"
2026-03-29 10:47:11:INFO:External DB synced. Filaments: 6957, Materials: 33
2026-03-29 11:47:11:INFO:Syncing external DB.
2026-03-29 11:47:11:INFO:HTTP Request: GET https://donkie.github.io/SpoolmanDB/filaments.json "HTTP/1.1 200 OK"
2026-03-29 11:47:11:INFO:HTTP Request: GET https://donkie.github.io/SpoolmanDB/materials.json "HTTP/1.1 200 OK"
2026-03-29 11:47:11:INFO:External DB synced. Filaments: 6957, Materials: 33
2026-03-29 12:47:11:INFO:Syncing external DB.
2026-03-29 12:47:11:INFO:HTTP Request: GET https://donkie.github.io/SpoolmanDB/filaments.json "HTTP/1.1 200 OK"
2026-03-29 12:47:11:INFO:HTTP Request: GET https://donkie.github.io/SpoolmanDB/materials.json "HTTP/1.1 200 OK"
2026-03-29 12:47:11:INFO:External DB synced. Filaments: 6957, Materials: 33
2026-03-29 13:47:11:INFO:Syncing external DB.
2026-03-29 13:47:11:INFO:HTTP Request: GET https://donkie.github.io/SpoolmanDB/filaments.json "HTTP/1.1 200 OK"
2026-03-29 13:47:11:INFO:HTTP Request: GET https://donkie.github.io/SpoolmanDB/materials.json "HTTP/1.1 200 OK"
2026-03-29 13:47:11:INFO:External DB synced. Filaments: 6957, Materials: 33
2026-03-29 14:47:11:INFO:Syncing external DB.
2026-03-29 14:47:11:INFO:HTTP Request: GET https://donkie.github.io/SpoolmanDB/filaments.json "HTTP/1.1 200 OK"
2026-03-29 14:47:11:INFO:HTTP Request: GET https://donkie.github.io/SpoolmanDB/materials.json "HTTP/1.1 200 OK"
2026-03-29 14:47:11:INFO:External DB synced. Filaments: 6957, Materials: 33
2026-03-29 15:47:11:INFO:Syncing external DB.
2026-03-29 15:47:11:INFO:HTTP Request: GET https://donkie.github.io/SpoolmanDB/filaments.json "HTTP/1.1 200 OK"
2026-03-29 15:47:11:INFO:HTTP Request: GET https://donkie.github.io/SpoolmanDB/materials.json "HTTP/1.1 200 OK"
2026-03-29 15:47:11:INFO:External DB synced. Filaments: 6957, Materials: 33
2026-03-29 16:47:11:INFO:Syncing external DB.
2026-03-29 16:47:11:INFO:HTTP Request: GET https://donkie.github.io/SpoolmanDB/filaments.json "HTTP/1.1 200 OK"
2026-03-29 16:47:11:INFO:HTTP Request: GET https://donkie.github.io/SpoolmanDB/materials.json "HTTP/1.1 200 OK"
2026-03-29 16:47:11:INFO:External DB synced. Filaments: 6957, Materials: 33
2026-03-29 17:47:11:INFO:Syncing external DB.
2026-03-29 17:47:11:INFO:HTTP Request: GET https://donkie.github.io/SpoolmanDB/filaments.json "HTTP/1.1 200 OK"
2026-03-29 17:47:11:INFO:HTTP Request: GET https://donkie.github.io/SpoolmanDB/materials.json "HTTP/1.1 200 OK"
2026-03-29 17:47:11:INFO:External DB synced. Filaments: 6957, Materials: 33
2026-03-29 18:47:11:INFO:Syncing external DB.
2026-03-29 18:47:11:INFO:HTTP Request: GET https://donkie.github.io/SpoolmanDB/filaments.json "HTTP/1.1 200 OK"
2026-03-29 18:47:11:INFO:HTTP Request: GET https://donkie.github.io/SpoolmanDB/materials.json "HTTP/1.1 200 OK"
2026-03-29 18:47:11:INFO:External DB synced. Filaments: 6957, Materials: 33
2026-03-29 19:47:11:INFO:Syncing external DB.
2026-03-29 19:47:12:INFO:HTTP Request: GET https://donkie.github.io/SpoolmanDB/filaments.json "HTTP/1.1 200 OK"
2026-03-29 19:47:12:INFO:HTTP Request: GET https://donkie.github.io/SpoolmanDB/materials.json "HTTP/1.1 200 OK"
2026-03-29 19:47:12:INFO:External DB synced. Filaments: 6957, Materials: 33
2026-03-29 20:47:11:INFO:Syncing external DB.
2026-03-29 20:47:11:INFO:HTTP Request: GET https://donkie.github.io/SpoolmanDB/filaments.json "HTTP/1.1 200 OK"
2026-03-29 20:47:11:INFO:HTTP Request: GET https://donkie.github.io/SpoolmanDB/materials.json "HTTP/1.1 200 OK"
2026-03-29 20:47:11:INFO:External DB synced. Filaments: 6957, Materials: 33
2026-03-29 21:47:11:INFO:Syncing external DB.
2026-03-29 21:47:11:INFO:HTTP Request: GET https://donkie.github.io/SpoolmanDB/filaments.json "HTTP/1.1 200 OK"
2026-03-29 21:47:11:INFO:HTTP Request: GET https://donkie.github.io/SpoolmanDB/materials.json "HTTP/1.1 200 OK"
2026-03-29 21:47:11:INFO:External DB synced. Filaments: 6957, Materials: 33
2026-03-29 22:47:11:INFO:Syncing external DB.
2026-03-29 22:47:11:INFO:HTTP Request: GET https://donkie.github.io/SpoolmanDB/filaments.json "HTTP/1.1 200 OK"
2026-03-29 22:47:11:INFO:HTTP Request: GET https://donkie.github.io/SpoolmanDB/materials.json "HTTP/1.1 200 OK"
2026-03-29 22:47:11:INFO:External DB synced. Filaments: 6957, Materials: 33
2026-03-29 23:47:11:INFO:Syncing external DB.
2026-03-29 23:47:11:INFO:HTTP Request: GET https://donkie.github.io/SpoolmanDB/filaments.json "HTTP/1.1 200 OK"
2026-03-29 23:47:11:INFO:HTTP Request: GET https://donkie.github.io/SpoolmanDB/materials.json "HTTP/1.1 200 OK"
2026-03-29 23:47:11:INFO:External DB synced. Filaments: 6957, Materials: 33
